example/build/app/intermediates/manifest_merge_blame_file/debug/manifest-merger-blame-debug-report.txt
1<?xml version="1.0" encoding="utf-8"?>
2<manifest xmlns:android="http://schemas.android.com/apk/res/android"
3    package="dev.vchaser.vk_wrapped"
4    android:versionCode="1"
5    android:versionName="1.0.1" >
6
7    <uses-sdk
8        android:minSdkVersion="21"
9        android:targetSdkVersion="34" />
10    <!--
11         The INTERNET permission is required for development. Specifically,
12         the Flutter tool needs it to communicate with the running application
13         to allow setting breakpoints, to provide hot reload, etc.
14    -->
15    <uses-permission android:name="android.permission.INTERNET" />
15-->src/debug/AndroidManifest.xml:6:5-66
15-->src/debug/AndroidManifest.xml:6:22-64
16    <!--
17     Required to query activities that can process text, see:
18         https://developer.android.com/training/package-visibility and
19         https://developer.android.com/reference/android/content/Intent#ACTION_PROCESS_TEXT.
20
21         In particular, this is used by the Flutter engine in io.flutter.plugin.text.ProcessTextPlugin.
22    -->
23    <queries>
23-->src/main/AndroidManifest.xml:42:5-47:15
24        <intent>
24-->src/main/AndroidManifest.xml:43:9-46:18
25            <action android:name="android.intent.action.PROCESS_TEXT" />
25-->src/main/AndroidManifest.xml:44:13-72
25-->src/main/AndroidManifest.xml:44:21-70
26
27            <data android:mimeType="text/plain" />
27-->src/main/AndroidManifest.xml:45:13-50
27-->src/main/AndroidManifest.xml:45:19-48
28        </intent>
29        <!-- For available browsers request -->
30        <intent>
30-->[com.vk.id:vkid:2.2.2] AndroidManifest.xml:37:9-43:18
31            <action android:name="android.intent.action.VIEW" />
31-->[com.vk.id:vkid:2.2.2] AndroidManifest.xml:38:13-65
31-->[com.vk.id:vkid:2.2.2] AndroidManifest.xml:38:21-62
32
33            <category android:name="android.intent.category.BROWSABLE" />
33-->[com.vk.id:vkid:2.2.2] AndroidManifest.xml:40:13-74
33-->[com.vk.id:vkid:2.2.2] AndroidManifest.xml:40:23-71
34
35            <data android:scheme="https" />
35-->src/main/AndroidManifest.xml:45:13-50
36        </intent> <!-- For auth with vk client -->
37        <intent>
37-->[com.vk.id:vkid:2.2.2] AndroidManifest.xml:45:9-47:18
38            <action android:name="com.vk.silentauth.action.GET_INFO" />
38-->[com.vk.id:vkid:2.2.2] AndroidManifest.xml:46:13-72
38-->[com.vk.id:vkid:2.2.2] AndroidManifest.xml:46:21-69
39        </intent>
40    </queries>
41
42    <permission
42-->[androidx.core:core:1.13.1] AndroidManifest.xml:22:5-24:47
43        android:name="dev.vchaser.vk_wrapped.DYNAMIC_RECEIVER_NOT_EXPORTED_PERMISSION"
43-->[androidx.core:core:1.13.1] AndroidManifest.xml:23:9-81
44        android:protectionLevel="signature" />
44-->[androidx.core:core:1.13.1] AndroidManifest.xml:24:9-44
45
46    <uses-permission android:name="dev.vchaser.vk_wrapped.DYNAMIC_RECEIVER_NOT_EXPORTED_PERMISSION" />
46-->[androidx.core:core:1.13.1] AndroidManifest.xml:26:5-97
46-->[androidx.core:core:1.13.1] AndroidManifest.xml:26:22-94
47
48    <application
49        android:name="android.app.Application"
50        android:appComponentFactory="androidx.core.app.CoreComponentFactory"
50-->[androidx.core:core:1.13.1] AndroidManifest.xml:28:18-86
51        android:debuggable="true"
52        android:extractNativeLibs="true"
53        android:icon="@mipmap/ic_launcher"
54        android:label="vkid_flutter_sdk_example"
55        android:networkSecurityConfig="@xml/network_security_config" >
56        <activity
57            android:name="dev.vchaser.vk_wrapped.MainActivity"
58            android:configChanges="orientation|keyboardHidden|keyboard|screenSize|smallestScreenSize|locale|layoutDirection|fontScale|screenLayout|density|uiMode"
59            android:exported="true"
60            android:hardwareAccelerated="true"
61            android:launchMode="singleTop"
62            android:taskAffinity=""
63            android:theme="@style/LaunchTheme"
64            android:windowSoftInputMode="adjustResize" >
65
66            <!--
67                 Specifies an Android theme to apply to this Activity as soon as
68                 the Android process has started. This theme is visible to the user
69                 while the Flutter UI initializes. After that, this theme continues
70                 to determine the Window background behind the Flutter UI.
71            -->
72            <meta-data
73                android:name="io.flutter.embedding.android.NormalTheme"
74                android:resource="@style/NormalTheme" />
75
76            <intent-filter>
77                <action android:name="android.intent.action.MAIN" />
78
79                <category android:name="android.intent.category.LAUNCHER" />
80            </intent-filter>
81        </activity>
82        <!--
83             Don't delete the meta-data below.
84             This is used by the Flutter tool to generate GeneratedPluginRegistrant.java
85        -->
86        <meta-data
87            android:name="flutterEmbedding"
88            android:value="2" />
89
90        <activity
90-->[com.vk.id:vkid:2.2.2] AndroidManifest.xml:51:9-69:20
91            android:name="com.vk.id.internal.auth.AuthActivity"
91-->[com.vk.id:vkid:2.2.2] AndroidManifest.xml:52:13-64
92            android:configChanges="locale|orientation|screenSize|screenLayout|keyboardHidden|fontScale|fontWeightAdjustment|density"
92-->[com.vk.id:vkid:2.2.2] AndroidManifest.xml:53:13-133
93            android:exported="false"
93-->[com.vk.id:vkid:2.2.2] AndroidManifest.xml:54:13-37
94            android:launchMode="singleTask"
94-->[com.vk.id:vkid:2.2.2] AndroidManifest.xml:55:13-44
95            android:theme="@style/VKID.Light.Transparent" >
95-->[com.vk.id:vkid:2.2.2] AndroidManifest.xml:56:13-58
96            <meta-data
96-->[com.vk.id:vkid:2.2.2] AndroidManifest.xml:57:13-59:51
97                android:name="VKIDClientID"
97-->[com.vk.id:vkid:2.2.2] AndroidManifest.xml:58:17-44
98                android:value="53128792" />
98-->[com.vk.id:vkid:2.2.2] AndroidManifest.xml:59:17-48
99            <meta-data
99-->[com.vk.id:vkid:2.2.2] AndroidManifest.xml:60:13-62:55
100                android:name="VKIDClientSecret"
100-->[com.vk.id:vkid:2.2.2] AndroidManifest.xml:61:17-48
101                android:value="XamXBXBSIAfUbn70hq8j" />
101-->[com.vk.id:vkid:2.2.2] AndroidManifest.xml:62:17-52
102            <meta-data
102-->[com.vk.id:vkid:2.2.2] AndroidManifest.xml:63:13-65:55
103                android:name="VKIDRedirectHost"
103-->[com.vk.id:vkid:2.2.2] AndroidManifest.xml:64:17-48
104                android:value="vk.com" />
104-->[com.vk.id:vkid:2.2.2] AndroidManifest.xml:65:17-52
105            <meta-data
105-->[com.vk.id:vkid:2.2.2] AndroidManifest.xml:66:13-68:57
106                android:name="VKIDRedirectScheme"
106-->[com.vk.id:vkid:2.2.2] AndroidManifest.xml:67:17-50
107                android:value="vk53128792" />
107-->[com.vk.id:vkid:2.2.2] AndroidManifest.xml:68:17-54
108        </activity>
109        <activity
109-->[com.vk.id:vkid:2.2.2] AndroidManifest.xml:70:9-83:20
110            android:name="com.vk.id.internal.auth.RedirectUriReceiverActivity"
110-->[com.vk.id:vkid:2.2.2] AndroidManifest.xml:71:13-79
111            android:exported="true" >
111-->[com.vk.id:vkid:2.2.2] AndroidManifest.xml:72:13-36
112            <intent-filter>
112-->[com.vk.id:vkid:2.2.2] AndroidManifest.xml:73:13-82:29
113                <action android:name="android.intent.action.VIEW" />
113-->[com.vk.id:vkid:2.2.2] AndroidManifest.xml:38:13-65
113-->[com.vk.id:vkid:2.2.2] AndroidManifest.xml:38:21-62
114
115                <category android:name="android.intent.category.DEFAULT" />
115-->[com.vk.id:vkid:2.2.2] AndroidManifest.xml:76:17-76
115-->[com.vk.id:vkid:2.2.2] AndroidManifest.xml:76:27-73
116                <category android:name="android.intent.category.BROWSABLE" />
116-->[com.vk.id:vkid:2.2.2] AndroidManifest.xml:40:13-74
116-->[com.vk.id:vkid:2.2.2] AndroidManifest.xml:40:23-71
117
118                <data
118-->src/main/AndroidManifest.xml:45:13-50
119                    android:host="vk.com"
120                    android:scheme="vk53128792" />
121            </intent-filter>
122        </activity>
123
124        <uses-library
124-->[androidx.window:window:1.2.0] AndroidManifest.xml:23:9-25:40
125            android:name="androidx.window.extensions"
125-->[androidx.window:window:1.2.0] AndroidManifest.xml:24:13-54
126            android:required="false" />
126-->[androidx.window:window:1.2.0] AndroidManifest.xml:25:13-37
127        <uses-library
127-->[androidx.window:window:1.2.0] AndroidManifest.xml:26:9-28:40
128            android:name="androidx.window.sidecar"
128-->[androidx.window:window:1.2.0] AndroidManifest.xml:27:13-51
129            android:required="false" />
129-->[androidx.window:window:1.2.0] AndroidManifest.xml:28:13-37
130
131        <provider
131-->[androidx.emoji2:emoji2:1.3.0] AndroidManifest.xml:24:9-32:20
132            android:name="androidx.startup.InitializationProvider"
132-->[androidx.emoji2:emoji2:1.3.0] AndroidManifest.xml:25:13-67
133            android:authorities="dev.vchaser.vk_wrapped.androidx-startup"
133-->[androidx.emoji2:emoji2:1.3.0] AndroidManifest.xml:26:13-68
134            android:exported="false" >
134-->[androidx.emoji2:emoji2:1.3.0] AndroidManifest.xml:27:13-37
135            <meta-data
135-->[androidx.emoji2:emoji2:1.3.0] AndroidManifest.xml:29:13-31:52
136                android:name="androidx.emoji2.text.EmojiCompatInitializer"
136-->[androidx.emoji2:emoji2:1.3.0] AndroidManifest.xml:30:17-75
137                android:value="androidx.startup" />
137-->[androidx.emoji2:emoji2:1.3.0] AndroidManifest.xml:31:17-49
138            <meta-data
138-->[androidx.lifecycle:lifecycle-process:2.8.5] AndroidManifest.xml:29:13-31:52
139                android:name="androidx.lifecycle.ProcessLifecycleInitializer"
139-->[androidx.lifecycle:lifecycle-process:2.8.5] AndroidManifest.xml:30:17-78
140                android:value="androidx.startup" />
140-->[androidx.lifecycle:lifecycle-process:2.8.5] AndroidManifest.xml:31:17-49
141            <meta-data
141-->[androidx.profileinstaller:profileinstaller:1.3.1] AndroidManifest.xml:29:13-31:52
142                android:name="androidx.profileinstaller.ProfileInstallerInitializer"
142-->[androidx.profileinstaller:profileinstaller:1.3.1] AndroidManifest.xml:30:17-85
143                android:value="androidx.startup" />
143-->[androidx.profileinstaller:profileinstaller:1.3.1] AndroidManifest.xml:31:17-49
144        </provider>
145
146        <receiver
146-->[androidx.profileinstaller:profileinstaller:1.3.1] AndroidManifest.xml:34:9-52:20
147            android:name="androidx.profileinstaller.ProfileInstallReceiver"
147-->[androidx.profileinstaller:profileinstaller:1.3.1] AndroidManifest.xml:35:13-76
148            android:directBootAware="false"
148-->[androidx.profileinstaller:profileinstaller:1.3.1] AndroidManifest.xml:36:13-44
149            android:enabled="true"
149-->[androidx.profileinstaller:profileinstaller:1.3.1] AndroidManifest.xml:37:13-35
150            android:exported="true"
150-->[androidx.profileinstaller:profileinstaller:1.3.1] AndroidManifest.xml:38:13-36
151            android:permission="android.permission.DUMP" >
151-->[androidx.profileinstaller:profileinstaller:1.3.1] AndroidManifest.xml:39:13-57
152            <intent-filter>
152-->[androidx.profileinstaller:profileinstaller:1.3.1] AndroidManifest.xml:40:13-42:29
153                <action android:name="androidx.profileinstaller.action.INSTALL_PROFILE" />
153-->[androidx.profileinstaller:profileinstaller:1.3.1] AndroidManifest.xml:41:17-91
153-->[androidx.profileinstaller:profileinstaller:1.3.1] AndroidManifest.xml:41:25-88
154            </intent-filter>
155            <intent-filter>
155-->[androidx.profileinstaller:profileinstaller:1.3.1] AndroidManifest.xml:43:13-45:29
156                <action android:name="androidx.profileinstaller.action.SKIP_FILE" />
156-->[androidx.profileinstaller:profileinstaller:1.3.1] AndroidManifest.xml:44:17-85
156-->[androidx.profileinstaller:profileinstaller:1.3.1] AndroidManifest.xml:44:25-82
157            </intent-filter>
158            <intent-filter>
158-->[androidx.profileinstaller:profileinstaller:1.3.1] AndroidManifest.xml:46:13-48:29
159                <action android:name="androidx.profileinstaller.action.SAVE_PROFILE" />
159-->[androidx.profileinstaller:profileinstaller:1.3.1] AndroidManifest.xml:47:17-88
159-->[androidx.profileinstaller:profileinstaller:1.3.1] AndroidManifest.xml:47:25-85
160            </intent-filter>
161            <intent-filter>
161-->[androidx.profileinstaller:profileinstaller:1.3.1] AndroidManifest.xml:49:13-51:29
162                <action android:name="androidx.profileinstaller.action.BENCHMARK_OPERATION" />
162-->[androidx.profileinstaller:profileinstaller:1.3.1] AndroidManifest.xml:50:17-95
162-->[androidx.profileinstaller:profileinstaller:1.3.1] AndroidManifest.xml:50:25-92
163            </intent-filter>
164        </receiver>
165    </application>
166
167</manifest>